  1>Checking Build System
  CMake is re-running because C:/Users/ferna/Documents/GitHub/V-Engine/build/CMakeFiles/generate.stamp is out-of-date.
    the file 'C:/Users/ferna/Documents/GitHub/V-Engine/build/CMakeFiles/3.31.5/CMakeRCCompiler.cmake'
    is newer than 'C:/Users/ferna/Documents/GitHub/V-Engine/build/CMakeFiles/generate.stamp.depend'
    result='0'
  -- Building for: Visual Studio 17 2022
  -- Selecting Windows SDK version 10.0.22621.0 to target Windows 10.0.22000.
  -- The C compiler identification is MSVC 19.41.34123.0
  -- The CXX compiler identification is MSVC 19.41.34123.0
  -- Detecting C compiler ABI info
  -- Detecting C compiler ABI info - done
  -- Check for working C compiler: C:/Program Files/Microsoft Visual Studio/2022/Community/VC/Tools/MSVC/14.41.34120/bin/Hostx64/x64/cl.exe - skipped
  -- Detecting C compile features
  -- Detecting C compile features - done
  -- Detecting CXX compiler ABI info
  -- Detecting CXX compiler ABI info - done
  -- Check for working CXX compiler: C:/Program Files/Microsoft Visual Studio/2022/Community/VC/Tools/MSVC/14.41.34120/bin/Hostx64/x64/cl.exe - skipped
  -- Detecting CXX compile features
  -- Detecting CXX compile features - done
  -- Found Vulkan: C:/VulkanSDK/1.4.304.0/Lib/vulkan-1.lib (found version "1.4.304") found components: glslc glslangValidator
  -- Configuring done (2.5s)
  -- Generating done (0.0s)
  -- Build files have been written to: C:/Users/ferna/Documents/GitHub/V-Engine/build
